d:\onedrive - university of gloucestershire\ct4019 - programming and mathematics for games\assignment 2\tiny tanks\proj\vs2015\obj\vc140.pdb
d:\onedrive - university of gloucestershire\ct4019 - programming and mathematics for games\assignment 2\tiny tanks\proj\vs2015\obj\vc140.idb
d:\onedrive - university of gloucestershire\ct4019 - programming and mathematics for games\assignment 2\tiny tanks\proj\vs2015\obj\explosion.obj
d:\onedrive - university of gloucestershire\ct4019 - programming and mathematics for games\assignment 2\tiny tanks\proj\vs2015\obj\powerups.obj
d:\onedrive - university of gloucestershire\ct4019 - programming and mathematics for games\assignment 2\tiny tanks\proj\vs2015\obj\uicontroller.obj
d:\onedrive - university of gloucestershire\ct4019 - programming and mathematics for games\assignment 2\tiny tanks\proj\vs2015\obj\obstacles.obj
d:\onedrive - university of gloucestershire\ct4019 - programming and mathematics for games\assignment 2\tiny tanks\proj\vs2015\obj\spawncontroller.obj
d:\onedrive - university of gloucestershire\ct4019 - programming and mathematics for games\assignment 2\tiny tanks\proj\vs2015\obj\animationcontroller.obj
d:\onedrive - university of gloucestershire\ct4019 - programming and mathematics for games\assignment 2\tiny tanks\proj\vs2015\obj\gamecontroller.obj
d:\onedrive - university of gloucestershire\ct4019 - programming and mathematics for games\assignment 2\tiny tanks\proj\vs2015\obj\levelcontroller.obj
d:\onedrive - university of gloucestershire\ct4019 - programming and mathematics for games\assignment 2\tiny tanks\proj\vs2015\obj\main.obj
d:\onedrive - university of gloucestershire\ct4019 - programming and mathematics for games\assignment 2\tiny tanks\proj\vs2015\obj\menu.obj
d:\onedrive - university of gloucestershire\ct4019 - programming and mathematics for games\assignment 2\tiny tanks\proj\vs2015\obj\node.obj
d:\onedrive - university of gloucestershire\ct4019 - programming and mathematics for games\assignment 2\tiny tanks\proj\vs2015\obj\sprite.obj
d:\onedrive - university of gloucestershire\ct4019 - programming and mathematics for games\assignment 2\tiny tanks\proj\vs2015\obj\tank.obj
d:\onedrive - university of gloucestershire\ct4019 - programming and mathematics for games\assignment 2\tiny tanks\proj\vs2015\obj\tankbullet.obj
d:\onedrive - university of gloucestershire\ct4019 - programming and mathematics for games\assignment 2\tiny tanks\proj\vs2015\obj\tankturret.obj
d:\onedrive - university of gloucestershire\ct4019 - programming and mathematics for games\assignment 2\tiny tanks\proj\vs2015\obj\util.obj
d:\onedrive - university of gloucestershire\ct4019 - programming and mathematics for games\assignment 2\tiny tanks\proj\vs2015\obj\tinytanks.vcxprojresolveassemblyreference.cache
d:\onedrive - university of gloucestershire\ct4019 - programming and mathematics for games\assignment 2\tiny tanks\proj\vs2015\obj\tinytanks.tlog\cl.command.1.tlog
d:\onedrive - university of gloucestershire\ct4019 - programming and mathematics for games\assignment 2\tiny tanks\proj\vs2015\obj\tinytanks.tlog\cl.read.1.tlog
d:\onedrive - university of gloucestershire\ct4019 - programming and mathematics for games\assignment 2\tiny tanks\proj\vs2015\obj\tinytanks.tlog\cl.write.1.tlog
d:\onedrive - university of gloucestershire\ct4019 - programming and mathematics for games\assignment 2\tiny tanks\proj\vs2015\obj\tinytanks.tlog\link-cvtres.read.1.tlog
d:\onedrive - university of gloucestershire\ct4019 - programming and mathematics for games\assignment 2\tiny tanks\proj\vs2015\obj\tinytanks.tlog\link-cvtres.write.1.tlog
d:\onedrive - university of gloucestershire\ct4019 - programming and mathematics for games\assignment 2\tiny tanks\proj\vs2015\obj\tinytanks.tlog\link-rc.read.1.tlog
d:\onedrive - university of gloucestershire\ct4019 - programming and mathematics for games\assignment 2\tiny tanks\proj\vs2015\obj\tinytanks.tlog\link-rc.write.1.tlog
d:\onedrive - university of gloucestershire\ct4019 - programming and mathematics for games\assignment 2\tiny tanks\proj\vs2015\obj\tinytanks.tlog\link.8052-cvtres.read.1.tlog
d:\onedrive - university of gloucestershire\ct4019 - programming and mathematics for games\assignment 2\tiny tanks\proj\vs2015\obj\tinytanks.tlog\link.8052-cvtres.write.1.tlog
d:\onedrive - university of gloucestershire\ct4019 - programming and mathematics for games\assignment 2\tiny tanks\proj\vs2015\obj\tinytanks.tlog\link.8052-rc.read.1.tlog
d:\onedrive - university of gloucestershire\ct4019 - programming and mathematics for games\assignment 2\tiny tanks\proj\vs2015\obj\tinytanks.tlog\link.8052-rc.write.1.tlog
d:\onedrive - university of gloucestershire\ct4019 - programming and mathematics for games\assignment 2\tiny tanks\proj\vs2015\obj\tinytanks.tlog\link.8052.read.1.tlog
d:\onedrive - university of gloucestershire\ct4019 - programming and mathematics for games\assignment 2\tiny tanks\proj\vs2015\obj\tinytanks.tlog\link.8052.write.1.tlog
d:\onedrive - university of gloucestershire\ct4019 - programming and mathematics for games\assignment 2\tiny tanks\proj\vs2015\obj\tinytanks.tlog\link.command.1.tlog
d:\onedrive - university of gloucestershire\ct4019 - programming and mathematics for games\assignment 2\tiny tanks\proj\vs2015\obj\tinytanks.tlog\link.read.1.tlog
d:\onedrive - university of gloucestershire\ct4019 - programming and mathematics for games\assignment 2\tiny tanks\proj\vs2015\obj\tinytanks.tlog\link.write.1.tlog
